|SourceProjectName:Accelerate.hpr
|DestinationProjectName:Conversion.htm
whhost.js
whmsg.js
whmozemu.js
whproxy.js
whstub.js
whutils.js
whver.js
whform.js
whphost.js
whstart.js
whtopic.js
whframes.js
whlang.js
whskin_info.htm
whskin_blank.htm
whskin_pickup.htm
whskin_homepage.htm
whskin_tw.htm
whnjs.htm
whthost.js
whtdhtml.htm
whihost.js
whibody.htm
whiform.htm
whfhost.js
whfbody.htm
whfform.htm
whghost.js
whgbody.htm
whgdhtml.htm
whgdef.htm
whproj.js
whproj.xml
whproj.htm
whxdata\whtoc.xml
whxdata\whidx.xml
whxdata\whglo.xml
whdata\whtoc.js
whdata\whtoc.htm
whdata\whtdata.js
whdata\whidx.js
whdata\whidx.htm
whdata\whidata.js
whdata\whglo.js
whdata\whglo.htm
whdata\whgdata.js
resource\resource.xml
whbrs.xml
whres.xml
whgdata\whnvp30.htm
whgdata\whnvp31.htm
whgdata\whnvp32.htm
whgdata\whnvp33.htm
whgdata\whnvt30.htm
whgdata\whnvt31.htm
whgdata\whnvt32.htm
whgdata\whnvt33.htm
whgdata\whnvf30.htm
whgdata\whnvf31.htm
whgdata\whnvf32.htm
whgdata\whnvf33.htm
whgdata\whnvl31.htm
whgdata\whnvl32.htm
whgdata\whnvl33.htm
whgdata\whexpbar.gif
cshdat_webhelp.htm
whcsh_home.htm
whcshdata.htm
cshdat_robohelp.htm
whd_topic.xml
whd_nvp10.htm
whd_nvp20.htm
whd_tabs.htm
whd_dpns.htm
whd_tab0.gif
whd_tab1.gif
whd_tab2.gif
whd_tab3.gif
whd_tab4.gif
whd_tab5.gif
whd_tab6.gif
whd_tab7.gif
whd_tab8.gif
whd_toc1.gif
whd_toc2.gif
whd_toc3.gif
whd_toc4.gif
whd_show0.gif
whd_show1.gif
whd_show2.gif
whd_hide0.gif
whd_hide1.gif
whd_hide2.gif
whd_sync0.gif
whd_sync1.gif
whd_sync2.gif
whd_prev0.gif
whd_prev1.gif
whd_prev2.gif
whd_next0.gif
whd_next1.gif
whd_next2.gif
whd_wbsh0.gif
whd_wbsh1.gif
whd_wbsh2.gif
whidhtml.htm
whfdhtml.htm
Conversion_hha.hhk
Conversion.hhc
Conversion.hhk
Calendar_Time_Calculations.htm
Charter__Assignment_and_Roles.htm
Charter__Business_Case.htm
Charter__Clarification.htm
Charter__Communication_Plan.htm
Charter__Confidentiality.htm
Charter__Implementation.htm
Charter__Project_Scope.htm
Charter__Resource_Support.htm
Charter__Savings.htm
Charter__Schedule_and_Deliverables.htm
Charter__Signatures.htm
Charter__Situation_and_Goal_Statement.htm
Comparison_Charts.htm
Contingency_Inventory_Loop.htm
Conversion_Overview.htm
Critical_Concept_1.htm
Critical_Concept_2.htm
Critical_Concept_3.htm
Critical_Concept_4.htm
Critical_Concept_4_Exhibit_1.htm
Day_1_Detailed_Content.htm
Day_1_Lean_Overview.htm
Day_1_MCT.htm
Day_1_Value_Stream_Map.htm
Day_2_Detailed_Content.htm
Day_2_Future_State_Training.htm
Day_2_Future_State_Value_Stream_Map.htm
Day_2_Project_Deliverables.htm
Day_2_Project_Plan.htm
Day_2_Project_Report_Template.htm
Day_2_Project_Wrap-up.htm
Extending_the_Accelerate_Philosophy_to_the_Entire_Enterprise.htm
FAQ1.htm
FAQ2.htm
FAQ3.htm
FAQ4.htm
Financial_Impact.htm
General_Principles.htm
Introduction_to_Mapping_and_Conversion.htm
Logistics_Loop.htm
Manufacturing_Data_Sheet.htm
MCT_Measurement__Step_1.htm
MCT_Measurement__Step_10.htm
MCT_Measurement__Step_4.htm
MCT_Measurement__Step_5.htm
MCT_Measurement__Steps_11_and_12.htm
MCT_Measurement__Steps_13_and_14.htm
MCT_Measurement__Steps_2_and_3.htm
MCT_Measurement__Steps_6_-_9.htm
Office_Data_Sheet.htm
Operations_Manufacturing_Loop.htm
Operations_Planning_Loop.htm
Phase_I_Follow-up_with_Supplier.htm
Phase_I_Overview.htm
Pre-project_Overview.htm
Pre-project_Step_1.htm
Pre-project_Step_2.htm
Pre-project_Step_3.htm
Profile_Questionnaire.htm
Project_Agenda.htm
Project_Charter.htm
Project_Materials.htm
Raw_Material_Loop.htm
Report_Template_Slides_11_and_12.htm
Report_Template_Slides_13_and_14.htm
Report_Template_Slides_15_and_16.htm
Report_Template_Slides_17_and_18.htm
Report_Template_Slides_19_and_20.htm
Report_Template_Slides_1_and_2.htm
Report_Template_Slides_21_and_22.htm
Report_Template_Slides_3_and_4.htm
Report_Template_Slides_5_and_6.htm
Report_Template_Slides_7_and_8.htm
Report_Template_Slides_9_and_10.htm
Review_Questionnaire.htm
Review_with_MEP_SCA.htm
Sample_Calendar_Time_Conversion_Sheet.htm
Sample_Completed_Project_Plan.htm
Sample_Summary_Boxes.htm
Sample_Value_Stream_Map.htm
Supplier_Lean_Self-Assessment.htm
Supplier_Phase_II_Reporting_Requirements.htm
Welcome.htm
RoboHHRE.lng
Conversion.glo
default.css
Graphics\FinancialImpact.png
Graphics\FinishedGoodsTable.png
Graphics\ReportTemplateSlides9and10.png
Graphics\MCTResponse-CurrState.png
Graphics\Book-ValueStream.png
Graphics\ReportTemplateSlides7and8.png
Graphics\CritPathActivityAnalysis.png
Graphics\Book-QuickReference.png
Graphics\FAQ3.png
Graphics\MFGChangeOverTime.png
Graphics\OrderandRawMatlTime.png
Graphics\ReportTemplateSlides15and16.png
Graphics\SampleSummaryBoxes.png
Graphics\CalendarTimeComparison.png
Graphics\OpsManufacturingGraphic.png
Graphics\TotalMCT-CurrentState2.png
Graphics\FutureStateModelMap.png
Graphics\LogisticsPrepTime.png
Graphics\Book-ItsAboutTime.png
Graphics\TimeBasedThinking.png
Graphics\ReportTemplateSlides5and6.png
Graphics\SupplyChainMEPlogo.png
Graphics\ReportTemplateSlides21and22.png
Graphics\FinishedGoodsInventory.png
Graphics\ReportTemplateSlides13and14.png
Graphics\OpsMfgSummaryTable.png
Graphics\ManufacturingDataSheet.png
Graphics\VSMProductionTimeline.png
Graphics\ImprovementBreakdown.png
Graphics\FutureAchievedTabs.png
Graphics\RawMaterialSummaryTable.png
Graphics\MCTReductionChart.png
Graphics\TotalMCT-CurrentState.png
Graphics\RawMatlNotSufficientAnnotated.png
Graphics\ReportTemplateSlides3and4.png
Graphics\Kickoff.png
Graphics\OpsPlanSummaryTable.png
Graphics\CriticalPath.png
Graphics\OfficeDataSheet.png
Graphics\SampleCalTimeConvSheet.png
Graphics\LogisticsSummaryTable.png
Graphics\ReportTemplateSlides11and12.png
Graphics\SampleVSM.png
Graphics\MaxUtilIncreaseCosts.png
Graphics\SampleCompletedProjPlan.png
Graphics\RawProcurementAnnotated.png
Graphics\FAQKittedMatl.png
Graphics\ReportTemplateSlides17and18.png
Graphics\ReportTemplateSlides1and2.png
Graphics\ReportTemplateSlides19and20.png
Graphics\Book-LearningToSee.png
Graphics\SupplierLeanSelfAssessment.png
Graphics\MCTReductionProjects.png
ehlpdhtm.js
Conversion.ppf
whxdata\package_0.xml
whxdata\package_1.xml
whxdata\package_2.xml
whxdata\package_3.xml
whxdata\package_4.xml
whxdata\package_5.xml
whxdata\package_6.xml
whxdata\package_7.xml
whxdata\package_8.xml
whxdata\package_9.xml
whxdata\package_10.xml
whxdata\packageindex.xml
whxdata\synonym.xml
whxdata\topictable_0.xml
whxdata\topictable_1.xml
whxdata\topictableindex.xml
whxdata\whfts.xml
whxdata\whtdata0.xml
whdata\whtdata0.htm
whgdata\whlstt0.htm
whgdata\whlstt1.htm
whgdata\whlstt2.htm
whgdata\whlstt3.htm
whgdata\whlstt4.htm
whgdata\whlstt5.htm
whgdata\whlsti0.htm
whgdata\whlstfl0.htm
whgdata\whlstfl1.htm
whgdata\whlstfl2.htm
whgdata\whlstfl3.htm
whgdata\whlstfl4.htm
whgdata\whlstfl5.htm
whgdata\whlstfl6.htm
whgdata\whlstfl7.htm
whgdata\whlstfl8.htm
whgdata\whlstfl9.htm
whgdata\whlstfl10.htm
whgdata\whlstfl11.htm
whgdata\whlstfl12.htm
whgdata\whlstfl13.htm
whgdata\whlstfl14.htm
whgdata\whlstfl15.htm
whgdata\whlstfl16.htm
whgdata\whlstfl17.htm
whgdata\whlstfl18.htm
whgdata\whlstfl19.htm
whgdata\whlstfl20.htm
whgdata\whlstfl21.htm
whgdata\whlstfl22.htm
whgdata\whlstf0.htm
whgdata\whlstf1.htm
whgdata\whlstf2.htm
whgdata\whlstf3.htm
whgdata\whlstf4.htm
whgdata\whlstf5.htm
whgdata\whlstf6.htm
whgdata\whlstf7.htm
whgdata\whlstf8.htm
whgdata\whlstf9.htm
whgdata\whlstf10.htm
whgdata\whlstf11.htm
whgdata\whlstf12.htm
whgdata\whlstf13.htm
whgdata\whlstg0.htm
Conversion.htm
Conversion_csh.htm
Conversion_rhc.htm
